app/build/intermediates/manifest_merge_blame_file/debug/manifest-merger-blame-debug-report.txt
1<?xml version="1.0" encoding="utf-8"?>
2<manifest xmlns:android="http://schemas.android.com/apk/res/android"
3    package="com.fundatec.trabalhofinaldelpiv"
4    android:versionCode="1"
5    android:versionName="1.0" >
6
7    <uses-sdk
8        android:minSdkVersion="23"
8-->src\main\AndroidManifest.xml
9        android:targetSdkVersion="33" />
9-->src\main\AndroidManifest.xml
10
11    <uses-permission android:name="android.permission.INTERNET" />
11-->src\main\AndroidManifest.xml:5:5-67
11-->src\main\AndroidManifest.xml:5:22-64
12
13    <application
13-->src\main\AndroidManifest.xml:6:5-45:19
14        android:name="trabalhofinaldelpiv.App"
14-->src\main\AndroidManifest.xml:14:9-47
15        android:allowBackup="true"
15-->src\main\AndroidManifest.xml:7:9-35
16        android:appComponentFactory="androidx.core.app.CoreComponentFactory"
16-->[androidx.core:core:1.8.0] AndroidManifest.xml:24:18-86
17        android:dataExtractionRules="@xml/data_extraction_rules"
17-->src\main\AndroidManifest.xml:8:9-65
18        android:debuggable="true"
19        android:extractNativeLibs="false"
20        android:fullBackupContent="@xml/backup_rules"
20-->src\main\AndroidManifest.xml:9:9-54
21        android:icon="@mipmap/ic_launcher"
21-->src\main\AndroidManifest.xml:10:9-43
22        android:label="@string/app_name"
22-->src\main\AndroidManifest.xml:11:9-41
23        android:roundIcon="@mipmap/ic_launcher_round"
23-->src\main\AndroidManifest.xml:12:8-53
24        android:supportsRtl="true"
24-->src\main\AndroidManifest.xml:13:9-35
25        android:testOnly="true"
26        android:theme="@style/Theme.TrabalhoFinalDeLPIV" >
26-->src\main\AndroidManifest.xml:15:9-57
27        <activity
27-->src\main\AndroidManifest.xml:17:9-24:20
28            android:name="trabalhofinaldelpiv.home.view.HomeActivity"
28-->src\main\AndroidManifest.xml:18:13-70
29            android:exported="false"
29-->src\main\AndroidManifest.xml:19:13-37
30            android:parentActivityName="com.fundatec.trabalhofinaldelpiv.login.view.LoginActivity" >
30-->src\main\AndroidManifest.xml:20:13-67
31            <meta-data
31-->src\main\AndroidManifest.xml:21:13-23:36
32                android:name="android.app.lib_name"
32-->src\main\AndroidManifest.xml:22:17-52
33                android:value="" />
33-->src\main\AndroidManifest.xml:23:17-33
34        </activity>
35        <activity
35-->src\main\AndroidManifest.xml:25:9-29:20
36            android:name="com.fundatec.trabalhofinaldelpiv.NewCharacterActivity"
36-->src\main\AndroidManifest.xml:26:13-49
37            android:exported="false"
37-->src\main\AndroidManifest.xml:27:13-37
38            android:parentActivityName="com.fundatec.trabalhofinaldelpiv.login.view.LoginActivity" >
38-->src\main\AndroidManifest.xml:28:13-67
39        </activity>
40        <activity
40-->src\main\AndroidManifest.xml:25:9-29:20
41            android:name="com.fundatec.trabalhofinaldelpiv.NewCharacterActivity"
41-->src\main\AndroidManifest.xml:26:13-49
42            android:exported="false"
42-->src\main\AndroidManifest.xml:27:13-37
43            android:parentActivityName="com.fundatec.trabalhofinaldelpiv.login.view.LoginActivity" >
43-->src\main\AndroidManifest.xml:28:13-67
44        </activity>
45        <activity
45-->src\main\AndroidManifest.xml:35:9-44:20
46            android:name="com.fundatec.trabalhofinaldelpiv.login.view.LoginActivity"
46-->src\main\AndroidManifest.xml:36:13-53
47            android:exported="true"
47-->src\main\AndroidManifest.xml:37:13-36
48            android:screenOrientation="portrait" >
48-->src\main\AndroidManifest.xml:38:13-49
49            <intent-filter>
49-->src\main\AndroidManifest.xml:39:13-43:29
50                <action android:name="android.intent.action.MAIN" />
50-->src\main\AndroidManifest.xml:40:17-69
50-->src\main\AndroidManifest.xml:40:25-66
51
52                <category android:name="android.intent.category.LAUNCHER" />
52-->src\main\AndroidManifest.xml:42:17-77
52-->src\main\AndroidManifest.xml:42:27-74
53            </intent-filter>
54        </activity>
55        <activity
55-->[androidx.compose.ui:ui-tooling:1.1.1] AndroidManifest.xml:25:9-27:39
56            android:name="androidx.compose.ui.tooling.PreviewActivity"
56-->[androidx.compose.ui:ui-tooling:1.1.1] AndroidManifest.xml:26:13-71
57            android:exported="true" />
57-->[androidx.compose.ui:ui-tooling:1.1.1] AndroidManifest.xml:27:13-36
58        <activity
58-->[androidx.compose.ui:ui-test-manifest:1.1.1] AndroidManifest.xml:25:9-27:39
59            android:name="androidx.activity.ComponentActivity"
59-->[androidx.compose.ui:ui-test-manifest:1.1.1] AndroidManifest.xml:26:13-63
60            android:exported="true" />
60-->[androidx.compose.ui:ui-test-manifest:1.1.1] AndroidManifest.xml:27:13-36
61
62        <service
62-->[androidx.room:room-runtime:2.4.1] AndroidManifest.xml:25:9-28:40
63            android:name="androidx.room.MultiInstanceInvalidationService"
63-->[androidx.room:room-runtime:2.4.1] AndroidManifest.xml:26:13-74
64            android:directBootAware="true"
64-->[androidx.room:room-runtime:2.4.1] AndroidManifest.xml:27:13-43
65            android:exported="false" />
65-->[androidx.room:room-runtime:2.4.1] AndroidManifest.xml:28:13-37
66
67        <provider
67-->[androidx.emoji2:emoji2:1.0.0] AndroidManifest.xml:26:9-34:20
68            android:name="androidx.startup.InitializationProvider"
68-->[androidx.emoji2:emoji2:1.0.0] AndroidManifest.xml:27:13-67
69            android:authorities="com.fundatec.trabalhofinaldelpiv.androidx-startup"
69-->[androidx.emoji2:emoji2:1.0.0] AndroidManifest.xml:28:13-68
70            android:exported="false" >
70-->[androidx.emoji2:emoji2:1.0.0] AndroidManifest.xml:29:13-37
71            <meta-data
71-->[androidx.emoji2:emoji2:1.0.0] AndroidManifest.xml:31:13-33:52
72                android:name="androidx.emoji2.text.EmojiCompatInitializer"
72-->[androidx.emoji2:emoji2:1.0.0] AndroidManifest.xml:32:17-75
73                android:value="androidx.startup" />
73-->[androidx.emoji2:emoji2:1.0.0] AndroidManifest.xml:33:17-49
74            <meta-data
74-->[androidx.profileinstaller:profileinstaller:1.1.0] AndroidManifest.xml:31:13-33:52
75                android:name="androidx.profileinstaller.ProfileInstallerInitializer"
75-->[androidx.profileinstaller:profileinstaller:1.1.0] AndroidManifest.xml:32:17-85
76                android:value="androidx.startup" />
76-->[androidx.profileinstaller:profileinstaller:1.1.0] AndroidManifest.xml:33:17-49
77            <meta-data
77-->[androidx.lifecycle:lifecycle-process:2.4.0] AndroidManifest.xml:31:13-33:52
78                android:name="androidx.lifecycle.ProcessLifecycleInitializer"
78-->[androidx.lifecycle:lifecycle-process:2.4.0] AndroidManifest.xml:32:17-78
79                android:value="androidx.startup" />
79-->[androidx.lifecycle:lifecycle-process:2.4.0] AndroidManifest.xml:33:17-49
80        </provider>
81
82        <receiver
82-->[androidx.profileinstaller:profileinstaller:1.1.0] AndroidManifest.xml:36:9-45:20
83            android:name="androidx.profileinstaller.ProfileInstallReceiver"
83-->[androidx.profileinstaller:profileinstaller:1.1.0] AndroidManifest.xml:37:13-76
84            android:directBootAware="false"
84-->[androidx.profileinstaller:profileinstaller:1.1.0] AndroidManifest.xml:38:13-44
85            android:enabled="true"
85-->[androidx.profileinstaller:profileinstaller:1.1.0] AndroidManifest.xml:39:13-35
86            android:exported="true"
86-->[androidx.profileinstaller:profileinstaller:1.1.0] AndroidManifest.xml:40:13-36
87            android:permission="android.permission.DUMP" >
87-->[androidx.profileinstaller:profileinstaller:1.1.0] AndroidManifest.xml:41:13-57
88            <intent-filter>
88-->[androidx.profileinstaller:profileinstaller:1.1.0] AndroidManifest.xml:42:13-44:29
89                <action android:name="androidx.profileinstaller.action.INSTALL_PROFILE" />
89-->[androidx.profileinstaller:profileinstaller:1.1.0] AndroidManifest.xml:43:17-91
89-->[androidx.profileinstaller:profileinstaller:1.1.0] AndroidManifest.xml:43:25-88
90            </intent-filter>
91        </receiver>
92    </application>
93
94</manifest>